<?xml version="1.0" encoding="UTF-8"?>
<!-- Generated by org.testng.reporters.JUnitReportReporter -->
<testsuite hostname="DESKTOP-0S57N1V" failures="0" tests="1" name="com.automation.testcases.BankManagerLoginTest" time="0.553" errors="0" timestamp="2021-12-07T18:56:53 CAT" skipped="0">
  <testcase classname="com.automation.testcases.BankManagerLoginTest" name="loginAsBankManager" time="0.553"/>
  <system-out/>
</testsuite> <!-- com.automation.testcases.BankManagerLoginTest -->
