<?xml version="1.0" encoding="UTF-8"?>
<!-- Generated by org.testng.reporters.JUnitReportReporter -->
<testsuite hostname="DESKTOP-0S57N1V" failures="0" tests="1" name="com.automation.testcases.LoginTest" time="0.651" errors="0" timestamp="2021-10-09T13:18:27 CAT" skipped="0">
  <testcase classname="com.automation.testcases.LoginTest" name="loginAsBankManager" time="0.651"/>
  <system-out/>
</testsuite> <!-- com.automation.testcases.LoginTest -->
