<?xml version="1.0" encoding="UTF-8"?>
<!-- Generated by org.testng.reporters.JUnitReportReporter -->
<testsuite hostname="DESKTOP-0S57N1V" failures="0" tests="4" name="com.automation.testcases.AddCustomerTest" time="27.179" errors="0" timestamp="2022-01-19T19:58:09 CAT" skipped="0">
  <testcase classname="com.automation.testcases.AddCustomerTest" name="addCustomerTest" time="4.556"/>
  <testcase classname="com.automation.testcases.AddCustomerTest" name="addCustomerTest" time="13.534"/>
  <testcase classname="com.automation.testcases.AddCustomerTest" name="addCustomerTest" time="4.436"/>
  <testcase classname="com.automation.testcases.AddCustomerTest" name="addCustomerTest" time="4.653"/>
</testsuite> <!-- com.automation.testcases.AddCustomerTest -->
