<?xml version="1.0" encoding="UTF-8"?>
<!-- Generated by org.testng.reporters.JUnitReportReporter -->
<testsuite hostname="DESKTOP-0S57N1V" failures="0" tests="1" name="com.automation.testcases.OpenAccountTest" time="2.696" errors="0" timestamp="2022-01-19T19:58:09 CAT" skipped="0">
  <testcase classname="com.automation.testcases.OpenAccountTest" name="openAccountTest" time="2.696"/>
</testsuite> <!-- com.automation.testcases.OpenAccountTest -->
